<?xml version="1.0" encoding="UTF-8"?>
<!-- Generated by org.testng.reporters.JUnitReportReporter -->
<testsuite hostname="LTIN188363" failures="0" tests="24" name="Main_TestNG.emiCalc_TestNG" time="242.472" errors="0" timestamp="2024-03-06T11:11:59 IST" skipped="0">
  <testcase classname="Main_TestNG.emiCalc_TestNG" name="testLogo" time="2.250"/>
  <system-out/>
  <testcase classname="Main_TestNG.emiCalc_TestNG" name="testLogo" time="0.516"/>
  <system-out/>
  <testcase classname="Main_TestNG.emiCalc_TestNG" name="car_Loan" time="0.211"/>
  <system-out/>
  <testcase classname="Main_TestNG.emiCalc_TestNG" name="car_Loan" time="0.179"/>
  <system-out/>
  <testcase classname="Main_TestNG.emiCalc_TestNG" name="Car_Loan" time="2.161"/>
  <system-out/>
  <testcase classname="Main_TestNG.emiCalc_TestNG" name="Car_Loan" time="2.358"/>
  <system-out/>
  <testcase classname="Main_TestNG.emiCalc_TestNG" name="EMI_Calculation" time="0.125"/>
  <system-out/>
  <testcase classname="Main_TestNG.emiCalc_TestNG" name="EMI_Calculation" time="0.077"/>
  <system-out/>
  <testcase classname="Main_TestNG.emiCalc_TestNG" name="home_Loan" time="28.531"/>
  <system-out/>
  <testcase classname="Main_TestNG.emiCalc_TestNG" name="home_Loan" time="1.735"/>
  <system-out/>
  <testcase classname="Main_TestNG.emiCalc_TestNG" name="Home_page" time="13.527"/>
  <system-out/>
  <testcase classname="Main_TestNG.emiCalc_TestNG" name="Home_page" time="13.078"/>
  <system-out/>
  <testcase classname="Main_TestNG.emiCalc_TestNG" name="Loan_cal1" time="0.947"/>
  <system-out/>
  <testcase classname="Main_TestNG.emiCalc_TestNG" name="Loan_cal1" time="1.214"/>
  <system-out/>
  <testcase classname="Main_TestNG.emiCalc_TestNG" name="Emi_Calc" time="33.534"/>
  <system-out/>
  <testcase classname="Main_TestNG.emiCalc_TestNG" name="Emi_Calc" time="32.891"/>
  <system-out/>
  <testcase classname="Main_TestNG.emiCalc_TestNG" name="Loan_cal2" time="0.220"/>
  <system-out/>
  <testcase classname="Main_TestNG.emiCalc_TestNG" name="Loan_cal2" time="0.173"/>
  <system-out/>
  <testcase classname="Main_TestNG.emiCalc_TestNG" name="Calc2" time="24.032"/>
  <system-out/>
  <testcase classname="Main_TestNG.emiCalc_TestNG" name="Calc2" time="23.204"/>
  <system-out/>
  <testcase classname="Main_TestNG.emiCalc_TestNG" name="Loan_cal3" time="0.234"/>
  <system-out/>
  <testcase classname="Main_TestNG.emiCalc_TestNG" name="Loan_cal3" time="0.200"/>
  <system-out/>
  <testcase classname="Main_TestNG.emiCalc_TestNG" name="Calc3" time="29.951"/>
  <system-out/>
  <testcase classname="Main_TestNG.emiCalc_TestNG" name="Calc3" time="31.124"/>
  <system-out/>
</testsuite> <!-- Main_TestNG.emiCalc_TestNG -->
