<?xml version="1.0" encoding="UTF-8"?>
<!-- Generated by org.testng.reporters.JUnitReportReporter -->
<testsuite hostname="LTIN188363" failures="0" tests="3" name="Cucumber.Tests.testRunners" time="116.850" errors="0" timestamp="2024-03-06T11:03:10 IST" skipped="0">
  <testcase classname="Cucumber.Tests.testRunners" name="runScenario" time="5.732"/>
  <system-out/>
  <testcase classname="Cucumber.Tests.testRunners" name="runScenario" time="22.324"/>
  <system-out/>
  <testcase classname="Cucumber.Tests.testRunners" name="runScenario" time="88.794"/>
  <system-out/>
</testsuite> <!-- Cucumber.Tests.testRunners -->
