<?xml version="1.0" encoding="UTF-8"?>
<!-- Generated by org.testng.reporters.JUnitReportReporter -->
<testsuite hostname="LTIN188363" failures="0" tests="1" name="Main_TestNG.testRunners" time="1.699" errors="1" timestamp="2024-03-05T15:46:17 IST" skipped="0">
  <testcase classname="Main_TestNG.testRunners" name="setUpClass" time="1.699">
    <error message="Cannot invoke &quot;String.hashCode()&quot; because &quot;&lt;local3&gt;&quot; is null" type="java.lang.NullPointerException">
      <![CDATA[java.lang.NullPointerException: Cannot invoke "String.hashCode()" because "<local3>" is null
at Utilities.DriverSetup.SelectDriver(DriverSetup.java:20)
at Cucumber.Steps.Hooks.before_or_after_all(Hooks.java:32)
]]>
    </error>
  </testcase> <!-- setUpClass -->
  <system-out/>
</testsuite> <!-- Main_TestNG.testRunners -->
