<?xml version="1.0" encoding="UTF-8"?>
<!-- Generated by org.testng.reporters.JUnitReportReporter -->
<testsuite hostname="LTIN188363" failures="0" tests="12" name="Main_TestNG.CarTestNG" time="113.092" errors="0" timestamp="2024-03-05T09:58:24 IST" skipped="0">
  <testcase classname="Main_TestNG.CarTestNG" name="testLogo" time="2.164"/>
  <testcase classname="Main_TestNG.CarTestNG" name="car_Loan" time="0.266"/>
  <testcase classname="Main_TestNG.CarTestNG" name="Car_Loan" time="2.433"/>
  <testcase classname="Main_TestNG.CarTestNG" name="EMI_Calculation" time="0.116"/>
  <testcase classname="Main_TestNG.CarTestNG" name="home_Loan" time="2.760"/>
  <testcase classname="Main_TestNG.CarTestNG" name="Home_page" time="17.052"/>
  <testcase classname="Main_TestNG.CarTestNG" name="Loan_cal1" time="1.733"/>
  <testcase classname="Main_TestNG.CarTestNG" name="Emi_Calc" time="31.998"/>
  <testcase classname="Main_TestNG.CarTestNG" name="Loan_cal2" time="0.154"/>
  <testcase classname="Main_TestNG.CarTestNG" name="Calc2" time="23.534"/>
  <testcase classname="Main_TestNG.CarTestNG" name="Loan_cal3" time="0.195"/>
  <testcase classname="Main_TestNG.CarTestNG" name="Calc3" time="30.687"/>
</testsuite> <!-- Main_TestNG.CarTestNG -->
