<?xml version="1.0" encoding="UTF-8"?>
<!-- Generated by org.testng.reporters.JUnitReportReporter -->
<testsuite hostname="LTIN188363" failures="0" tests="6" name="Main_TestNG.testRunners" time="236.729" errors="0" timestamp="2024-03-06T10:19:59 IST" skipped="0">
  <testcase classname="Main_TestNG.testRunners" name="runScenario" time="4.780"/>
  <testcase classname="Main_TestNG.testRunners" name="runScenario" time="93.426"/>
  <testcase classname="Main_TestNG.testRunners" name="runScenario" time="2.600"/>
  <testcase classname="Main_TestNG.testRunners" name="runScenario" time="90.909"/>
  <testcase classname="Main_TestNG.testRunners" name="runScenario" time="23.187"/>
  <testcase classname="Main_TestNG.testRunners" name="runScenario" time="21.827"/>
</testsuite> <!-- Main_TestNG.testRunners -->
